2022-08-28 09:46:13 info: =================================
2022-08-28 09:46:13 info: ======= ENV: development =======
2022-08-28 09:46:13 info: 🚀 App listening on the port 3000
2022-08-28 09:46:13 info: =================================
2022-08-28 09:46:20 info: =================================
2022-08-28 09:46:20 info: ======= ENV: development =======
2022-08-28 09:46:20 info: 🚀 App listening on the port 3000
2022-08-28 09:46:20 info: =================================
2022-08-28 09:46:29 info: =================================
2022-08-28 09:46:29 info: ======= ENV: development =======
2022-08-28 09:46:29 info: 🚀 App listening on the port 3000
2022-08-28 09:46:29 info: =================================
2022-08-28 09:46:38 info: =================================
2022-08-28 09:46:38 info: ======= ENV: development =======
2022-08-28 09:46:38 info: 🚀 App listening on the port 3000
2022-08-28 09:46:38 info: =================================
2022-08-28 09:46:46 info: =================================
2022-08-28 09:46:46 info: ======= ENV: development =======
2022-08-28 09:46:46 info: 🚀 App listening on the port 3000
2022-08-28 09:46:46 info: =================================
2022-08-28 09:47:02 info: =================================
2022-08-28 09:47:02 info: ======= ENV: development =======
2022-08-28 09:47:02 info: 🚀 App listening on the port 3000
2022-08-28 09:47:02 info: =================================
2022-08-28 09:47:14 info: =================================
2022-08-28 09:47:14 info: ======= ENV: development =======
2022-08-28 09:47:14 info: 🚀 App listening on the port 3000
2022-08-28 09:47:14 info: =================================
2022-08-28 09:47:40 info: =================================
2022-08-28 09:47:40 info: ======= ENV: development =======
2022-08-28 09:47:40 info: 🚀 App listening on the port 3000
2022-08-28 09:47:40 info: =================================
2022-08-28 09:48:23 info: =================================
2022-08-28 09:48:23 info: ======= ENV: development =======
2022-08-28 09:48:23 info: 🚀 App listening on the port 3000
2022-08-28 09:48:23 info: =================================
2022-08-28 10:48:46 info: [0mGET /users [33m404[0m 11.988 ms - 144[0m
2022-08-28 10:48:46 info: [0mGET /users/ [33m404[0m 2.794 ms - 145[0m
2022-08-28 10:48:46 info: [0mGET /users/ [33m404[0m 2.664 ms - 145[0m
2022-08-28 10:48:46 info: [0mPOST /users [33m404[0m 204.708 ms - 145[0m
2022-08-28 10:48:46 info: [0mPOST /users [33m404[0m 3.279 ms - 145[0m
2022-08-28 10:48:46 info: [0mGET /users/ [33m404[0m 2.142 ms - 145[0m
2022-08-28 10:48:49 error: [POST] /auth/sign-in >> StatusCode:: 500, Message:: connect ECONNREFUSED 127.0.0.1:3306
2022-08-28 10:48:49 info: [0mPOST /auth/sign-in [31m500[0m 1306.447 ms - 49[0m
2022-08-28 10:48:49 error: [POST] /auth/sign-up >> StatusCode:: 500, Message:: connect ECONNREFUSED 127.0.0.1:3306
2022-08-28 10:48:49 info: [0mPOST /auth/sign-up [31m500[0m 13.214 ms - 49[0m
