2022-09-01 15:35:43 info: =================================
2022-09-01 15:35:43 info: ======= ENV: development =======
2022-09-01 15:35:43 info: 🚀 App listening on the port 3000
2022-09-01 15:35:43 info: =================================
2022-09-01 15:35:51 info: =================================
2022-09-01 15:35:51 info: ======= ENV: development =======
2022-09-01 15:35:51 info: 🚀 App listening on the port 3000
2022-09-01 15:35:51 info: =================================
2022-09-01 15:35:59 info: [0mPOST /api/auth/forgot-password [32m204[0m 1698.850 ms - -[0m
2022-09-01 15:36:16 info: =================================
2022-09-01 15:36:16 info: ======= ENV: development =======
2022-09-01 15:36:16 info: 🚀 App listening on the port 3000
2022-09-01 15:36:16 info: =================================
2022-09-01 15:36:21 info: =================================
2022-09-01 15:36:21 info: ======= ENV: development =======
2022-09-01 15:36:21 info: 🚀 App listening on the port 3000
2022-09-01 15:36:21 info: =================================
2022-09-01 15:36:25 info: =================================
2022-09-01 15:36:25 info: ======= ENV: development =======
2022-09-01 15:36:25 info: 🚀 App listening on the port 3000
2022-09-01 15:36:25 info: =================================
2022-09-01 15:36:58 info: =================================
2022-09-01 15:36:58 info: ======= ENV: development =======
2022-09-01 15:36:58 info: 🚀 App listening on the port 3000
2022-09-01 15:36:58 info: =================================
2022-09-01 15:36:59 info: [0mPOST /api/auth/forgot-password [32m204[0m 169.930 ms - -[0m
2022-09-01 15:37:22 info: =================================
2022-09-01 15:37:22 info: ======= ENV: development =======
2022-09-01 15:37:22 info: 🚀 App listening on the port 3000
2022-09-01 15:37:22 info: =================================
2022-09-01 15:37:23 info: [0mPOST /api/auth/forgot-password [32m204[0m 166.738 ms - -[0m
2022-09-01 15:38:13 info: =================================
2022-09-01 15:38:13 info: ======= ENV: development =======
2022-09-01 15:38:13 info: 🚀 App listening on the port 3000
2022-09-01 15:38:13 info: =================================
2022-09-01 15:39:38 info: =================================
2022-09-01 15:39:38 info: ======= ENV: development =======
2022-09-01 15:39:38 info: 🚀 App listening on the port 3000
2022-09-01 15:39:38 info: =================================
2022-09-01 15:41:19 info: [0mPOST /api/auth/forgot-password [32m204[0m 192.561 ms - -[0m
2022-09-01 15:42:21 info: [0mPOST /api/auth/forgot-password [32m204[0m 6.399 ms - -[0m
2022-09-01 15:43:34 info: [0mPOST /api/auth/forgot-password [32m204[0m 3.602 ms - -[0m
2022-09-01 15:44:18 info: =================================
2022-09-01 15:44:18 info: ======= ENV: development =======
2022-09-01 15:44:18 info: 🚀 App listening on the port 3000
2022-09-01 15:44:18 info: =================================
2022-09-01 15:44:32 info: [0mPOST /api/auth/forgot-password [32m204[0m 196.262 ms - -[0m
2022-09-01 15:51:42 info: =================================
2022-09-01 15:51:42 info: ======= ENV: development =======
2022-09-01 15:51:42 info: 🚀 App listening on the port 3000
2022-09-01 15:51:42 info: =================================
2022-09-01 15:51:50 info: [0mPOST /api/auth/forgot-password [32m204[0m 1798.825 ms - -[0m
2022-09-01 15:53:28 info: =================================
2022-09-01 15:53:28 info: ======= ENV: development =======
2022-09-01 15:53:28 info: 🚀 App listening on the port 3000
2022-09-01 15:53:28 info: =================================
2022-09-01 15:53:45 info: =================================
2022-09-01 15:53:45 info: ======= ENV: development =======
2022-09-01 15:53:45 info: 🚀 App listening on the port 3000
2022-09-01 15:53:45 info: =================================
2022-09-01 15:56:05 info: =================================
2022-09-01 15:56:05 info: ======= ENV: development =======
2022-09-01 15:56:05 info: 🚀 App listening on the port 3000
2022-09-01 15:56:05 info: =================================
2022-09-01 15:57:59 info: [0mPOST /api/auth/forgot-password [32m204[0m 1807.404 ms - -[0m
2022-09-01 15:58:44 info: =================================
2022-09-01 15:58:44 info: ======= ENV: development =======
2022-09-01 15:58:44 info: 🚀 App listening on the port 3000
2022-09-01 15:58:44 info: =================================
2022-09-01 15:58:49 info: =================================
2022-09-01 15:58:49 info: ======= ENV: development =======
2022-09-01 15:58:49 info: 🚀 App listening on the port 3000
2022-09-01 15:58:49 info: =================================
2022-09-01 16:03:22 info: =================================
2022-09-01 16:03:22 info: ======= ENV: development =======
2022-09-01 16:03:22 info: 🚀 App listening on the port 3000
2022-09-01 16:03:22 info: =================================
2022-09-01 16:03:41 info: =================================
2022-09-01 16:03:41 info: ======= ENV: development =======
2022-09-01 16:03:41 info: 🚀 App listening on the port 3000
2022-09-01 16:03:41 info: =================================
2022-09-01 16:04:09 info: =================================
2022-09-01 16:04:09 info: ======= ENV: development =======
2022-09-01 16:04:09 info: 🚀 App listening on the port 3000
2022-09-01 16:04:09 info: =================================
2022-09-01 16:04:48 info: =================================
2022-09-01 16:04:48 info: ======= ENV: development =======
2022-09-01 16:04:48 info: 🚀 App listening on the port 3000
2022-09-01 16:04:48 info: =================================
2022-09-01 16:07:48 info: =================================
2022-09-01 16:07:48 info: ======= ENV: development =======
2022-09-01 16:07:48 info: 🚀 App listening on the port 3000
2022-09-01 16:07:48 info: =================================
2022-09-01 16:08:37 info: =================================
2022-09-01 16:08:37 info: ======= ENV: development =======
2022-09-01 16:08:37 info: 🚀 App listening on the port 3000
2022-09-01 16:08:37 info: =================================
2022-09-01 16:08:52 info: =================================
2022-09-01 16:08:52 info: ======= ENV: development =======
2022-09-01 16:08:52 info: 🚀 App listening on the port 3000
2022-09-01 16:08:52 info: =================================
2022-09-01 16:09:28 info: =================================
2022-09-01 16:09:28 info: ======= ENV: development =======
2022-09-01 16:09:28 info: 🚀 App listening on the port 3000
2022-09-01 16:09:28 info: =================================
2022-09-01 16:10:06 info: =================================
2022-09-01 16:10:06 info: ======= ENV: development =======
2022-09-01 16:10:06 info: 🚀 App listening on the port 3000
2022-09-01 16:10:06 info: =================================
2022-09-01 16:10:10 info: =================================
2022-09-01 16:10:10 info: ======= ENV: development =======
2022-09-01 16:10:10 info: 🚀 App listening on the port 3000
2022-09-01 16:10:10 info: =================================
2022-09-01 16:10:36 info: =================================
2022-09-01 16:10:36 info: ======= ENV: development =======
2022-09-01 16:10:36 info: 🚀 App listening on the port 3000
2022-09-01 16:10:36 info: =================================
2022-09-01 16:12:32 info: =================================
2022-09-01 16:12:32 info: ======= ENV: development =======
2022-09-01 16:12:32 info: 🚀 App listening on the port 3000
2022-09-01 16:12:32 info: =================================
2022-09-01 16:13:24 info: =================================
2022-09-01 16:13:24 info: ======= ENV: development =======
2022-09-01 16:13:24 info: 🚀 App listening on the port 3000
2022-09-01 16:13:24 info: =================================
2022-09-01 16:13:44 info: =================================
2022-09-01 16:13:44 info: ======= ENV: development =======
2022-09-01 16:13:44 info: 🚀 App listening on the port 3000
2022-09-01 16:13:44 info: =================================
2022-09-01 16:15:02 info: =================================
2022-09-01 16:15:02 info: ======= ENV: development =======
2022-09-01 16:15:02 info: 🚀 App listening on the port 3000
2022-09-01 16:15:02 info: =================================
2022-09-01 16:15:27 info: =================================
2022-09-01 16:15:27 info: ======= ENV: development =======
2022-09-01 16:15:27 info: 🚀 App listening on the port 3000
2022-09-01 16:15:27 info: =================================
2022-09-01 16:15:42 info: =================================
2022-09-01 16:15:42 info: ======= ENV: development =======
2022-09-01 16:15:42 info: 🚀 App listening on the port 3000
2022-09-01 16:15:42 info: =================================
2022-09-01 16:15:56 info: =================================
2022-09-01 16:15:56 info: ======= ENV: development =======
2022-09-01 16:15:56 info: 🚀 App listening on the port 3000
2022-09-01 16:15:56 info: =================================
2022-09-01 16:16:23 info: =================================
2022-09-01 16:16:23 info: ======= ENV: development =======
2022-09-01 16:16:23 info: 🚀 App listening on the port 3000
2022-09-01 16:16:23 info: =================================
2022-09-01 16:17:27 info: =================================
2022-09-01 16:17:27 info: ======= ENV: development =======
2022-09-01 16:17:27 info: 🚀 App listening on the port 3000
2022-09-01 16:17:27 info: =================================
2022-09-01 16:17:41 info: =================================
2022-09-01 16:17:41 info: ======= ENV: development =======
2022-09-01 16:17:41 info: 🚀 App listening on the port 3000
2022-09-01 16:17:41 info: =================================
2022-09-01 16:18:00 info: =================================
2022-09-01 16:18:00 info: ======= ENV: development =======
2022-09-01 16:18:00 info: 🚀 App listening on the port 3000
2022-09-01 16:18:00 info: =================================
2022-09-01 16:18:06 info: =================================
2022-09-01 16:18:06 info: ======= ENV: development =======
2022-09-01 16:18:06 info: 🚀 App listening on the port 3000
2022-09-01 16:18:06 info: =================================
2022-09-01 16:18:50 info: =================================
2022-09-01 16:18:50 info: ======= ENV: development =======
2022-09-01 16:18:50 info: 🚀 App listening on the port 3000
2022-09-01 16:18:50 info: =================================
2022-09-01 16:19:04 info: =================================
2022-09-01 16:19:04 info: ======= ENV: development =======
2022-09-01 16:19:04 info: 🚀 App listening on the port 3000
2022-09-01 16:19:04 info: =================================
2022-09-01 16:19:47 info: =================================
2022-09-01 16:19:47 info: ======= ENV: development =======
2022-09-01 16:19:47 info: 🚀 App listening on the port 3000
2022-09-01 16:19:47 info: =================================
2022-09-01 16:20:29 info: =================================
2022-09-01 16:20:29 info: ======= ENV: development =======
2022-09-01 16:20:29 info: 🚀 App listening on the port 3000
2022-09-01 16:20:29 info: =================================
2022-09-01 16:20:38 info: =================================
2022-09-01 16:20:38 info: ======= ENV: development =======
2022-09-01 16:20:38 info: 🚀 App listening on the port 3000
2022-09-01 16:20:38 info: =================================
2022-09-01 16:20:50 info: =================================
2022-09-01 16:20:50 info: ======= ENV: development =======
2022-09-01 16:20:50 info: 🚀 App listening on the port 3000
2022-09-01 16:20:50 info: =================================
2022-09-01 16:20:56 info: =================================
2022-09-01 16:20:56 info: ======= ENV: development =======
2022-09-01 16:20:56 info: 🚀 App listening on the port 3000
2022-09-01 16:20:56 info: =================================
2022-09-01 16:21:29 info: =================================
2022-09-01 16:21:29 info: ======= ENV: development =======
2022-09-01 16:21:29 info: 🚀 App listening on the port 3000
2022-09-01 16:21:29 info: =================================
2022-09-01 16:22:23 info: =================================
2022-09-01 16:22:23 info: ======= ENV: development =======
2022-09-01 16:22:23 info: 🚀 App listening on the port 3000
2022-09-01 16:22:23 info: =================================
2022-09-01 16:23:19 info: =================================
2022-09-01 16:23:19 info: ======= ENV: development =======
2022-09-01 16:23:19 info: 🚀 App listening on the port 3000
2022-09-01 16:23:19 info: =================================
2022-09-01 16:23:31 info: =================================
2022-09-01 16:23:31 info: ======= ENV: development =======
2022-09-01 16:23:31 info: 🚀 App listening on the port 3000
2022-09-01 16:23:31 info: =================================
2022-09-01 16:24:17 info: =================================
2022-09-01 16:24:17 info: ======= ENV: development =======
2022-09-01 16:24:17 info: 🚀 App listening on the port 3000
2022-09-01 16:24:17 info: =================================
2022-09-01 16:24:23 info: =================================
2022-09-01 16:24:23 info: ======= ENV: development =======
2022-09-01 16:24:23 info: 🚀 App listening on the port 3000
2022-09-01 16:24:23 info: =================================
2022-09-01 16:26:06 info: =================================
2022-09-01 16:26:06 info: ======= ENV: development =======
2022-09-01 16:26:06 info: 🚀 App listening on the port 3000
2022-09-01 16:26:06 info: =================================
2022-09-01 16:26:13 info: =================================
2022-09-01 16:26:13 info: ======= ENV: development =======
2022-09-01 16:26:13 info: 🚀 App listening on the port 3000
2022-09-01 16:26:13 info: =================================
2022-09-01 16:28:03 info: [0mPOST /api/auth/sign-up [32m200[0m 264.282 ms - 261[0m
2022-09-01 16:28:03 error: [POST] /api/auth/sign-up >> StatusCode:: 409, Message:: Model already exists
2022-09-01 16:28:03 info: [0mPOST /api/auth/sign-up [33m409[0m 56.621 ms - 34[0m
2022-09-01 16:28:03 info: [0mPOST /api/auth/sign-in [32m200[0m 61.757 ms - 355[0m
2022-09-01 16:28:03 error: [POST] /api/auth/sign-in >> StatusCode:: 404, Message:: Model not found
2022-09-01 16:28:03 info: [0mPOST /api/auth/sign-in [33m404[0m 3.454 ms - 29[0m
2022-09-01 16:28:03 error: [POST] /api/auth/sign-in >> StatusCode:: 401, Message:: Invalid sign in credentials
2022-09-01 16:28:03 info: [0mPOST /api/auth/sign-in [33m401[0m 61.477 ms - 41[0m
2022-09-01 16:28:04 info: [0mPOST /api/auth/forgot-password [32m204[0m 1342.932 ms - -[0m
