2022-08-29 08:43:46 info: =================================
2022-08-29 08:43:46 info: ======= ENV: development =======
2022-08-29 08:43:46 info: 🚀 App listening on the port 3000
2022-08-29 08:43:46 info: =================================
2022-08-29 11:23:19 info: =================================
2022-08-29 11:23:19 info: ======= ENV: development =======
2022-08-29 11:23:19 info: 🚀 App listening on the port 3000
2022-08-29 11:23:19 info: =================================
2022-08-29 11:24:52 info: [0mPOST /api/auth/sign-in [33m404[0m 291.676 ms - 156[0m
2022-08-29 11:25:14 info: =================================
2022-08-29 11:25:14 info: ======= ENV: development =======
2022-08-29 11:25:14 info: 🚀 App listening on the port 3000
2022-08-29 11:25:14 info: =================================
2022-08-29 11:25:19 error: [POST] /api/auth/sign-in >> StatusCode:: 404, Message:: Model not found
2022-08-29 11:25:19 info: [0mPOST /api/auth/sign-in [33m404[0m 2703.592 ms - 29[0m
2022-08-29 11:26:54 info: =================================
2022-08-29 11:26:54 info: ======= ENV: development =======
2022-08-29 11:26:54 info: 🚀 App listening on the port 3000
2022-08-29 11:26:54 info: =================================
2022-08-29 11:28:51 info: =================================
2022-08-29 11:28:51 info: ======= ENV: development =======
2022-08-29 11:28:51 info: 🚀 App listening on the port 3000
2022-08-29 11:28:51 info: =================================
2022-08-29 11:30:30 error: [POST] /api/auth/sign-in >> StatusCode:: 404, Message:: Model not found
2022-08-29 11:30:30 info: [0mPOST /api/auth/sign-in [33m404[0m 183.748 ms - 29[0m
2022-08-29 16:10:24 info: =================================
2022-08-29 16:10:24 info: ======= ENV: development =======
2022-08-29 16:10:24 info: 🚀 App listening on the port 3000
2022-08-29 16:10:24 info: =================================
2022-08-29 16:22:21 error: [POST] /api/auth/sign-up >> StatusCode:: 500, Message:: insert into `users` (`created_at`, `email`, `full_name`, `password`, `updated_at`, `uuid`) values ('2022-08-29T15:22:21.933Z', 'user@gmail.com', '', '$2b$10$g.WIE.v2o1hFdBe3fIKEDOXz1U.gkHXNO0T/78Rui6JKppTVKpASG', '2022-08-29T15:22:21.933Z', '8966115d-1645-493c-9f5b-2be76699ce76') - ER_BAD_FIELD_ERROR: Unknown column 'created_at' in 'field list'
2022-08-29 16:22:21 info: [0mPOST /api/auth/sign-up [31m500[0m 2899.989 ms - 360[0m
2022-08-29 16:23:17 info: =================================
2022-08-29 16:23:17 info: ======= ENV: development =======
2022-08-29 16:23:17 info: 🚀 App listening on the port 3000
2022-08-29 16:23:17 info: =================================
2022-08-29 16:23:20 info: [0mPOST /api/auth/sign-up [32m200[0m 403.722 ms - 252[0m
2022-08-29 16:25:48 info: =================================
2022-08-29 16:25:48 info: ======= ENV: development =======
2022-08-29 16:25:48 info: 🚀 App listening on the port 3000
2022-08-29 16:25:48 info: =================================
2022-08-29 16:26:07 info: =================================
2022-08-29 16:26:07 info: ======= ENV: development =======
2022-08-29 16:26:07 info: 🚀 App listening on the port 3000
2022-08-29 16:26:07 info: =================================
2022-08-29 16:26:27 info: =================================
2022-08-29 16:26:28 info: ======= ENV: development =======
2022-08-29 16:26:28 info: 🚀 App listening on the port 3000
2022-08-29 16:26:28 info: =================================
2022-08-29 16:26:38 info: =================================
2022-08-29 16:26:38 info: ======= ENV: development =======
2022-08-29 16:26:38 info: 🚀 App listening on the port 3000
2022-08-29 16:26:38 info: =================================
2022-08-29 16:26:43 info: =================================
2022-08-29 16:26:43 info: ======= ENV: development =======
2022-08-29 16:26:43 info: 🚀 App listening on the port 3000
2022-08-29 16:26:43 info: =================================
2022-08-29 16:26:47 info: =================================
2022-08-29 16:26:47 info: ======= ENV: development =======
2022-08-29 16:26:47 info: 🚀 App listening on the port 3000
2022-08-29 16:26:47 info: =================================
2022-08-29 16:26:51 info: =================================
2022-08-29 16:26:51 info: ======= ENV: development =======
2022-08-29 16:26:51 info: 🚀 App listening on the port 3000
2022-08-29 16:26:51 info: =================================
2022-08-29 16:27:10 info: =================================
2022-08-29 16:27:10 info: ======= ENV: development =======
2022-08-29 16:27:10 info: 🚀 App listening on the port 3000
2022-08-29 16:27:10 info: =================================
2022-08-29 16:27:59 info: =================================
2022-08-29 16:27:59 info: ======= ENV: development =======
2022-08-29 16:27:59 info: 🚀 App listening on the port 3000
2022-08-29 16:27:59 info: =================================
2022-08-29 16:28:03 info: =================================
2022-08-29 16:28:03 info: ======= ENV: development =======
2022-08-29 16:28:03 info: 🚀 App listening on the port 3000
2022-08-29 16:28:03 info: =================================
2022-08-29 16:28:10 info: =================================
2022-08-29 16:28:10 info: ======= ENV: development =======
2022-08-29 16:28:10 info: 🚀 App listening on the port 3000
2022-08-29 16:28:10 info: =================================
2022-08-29 16:28:28 info: =================================
2022-08-29 16:28:28 info: ======= ENV: development =======
2022-08-29 16:28:28 info: 🚀 App listening on the port 3000
2022-08-29 16:28:28 info: =================================
2022-08-29 16:29:00 info: =================================
2022-08-29 16:29:00 info: ======= ENV: development =======
2022-08-29 16:29:00 info: 🚀 App listening on the port 3000
2022-08-29 16:29:00 info: =================================
2022-08-29 16:29:05 info: =================================
2022-08-29 16:29:05 info: ======= ENV: development =======
2022-08-29 16:29:05 info: 🚀 App listening on the port 3000
2022-08-29 16:29:05 info: =================================
2022-08-29 16:31:11 error: [POST] /api/auth/sign-up >> StatusCode:: 500, Message:: Role.relationMappings.permissions: Property join.through is not supported for this relation type.
2022-08-29 16:31:11 info: [0mPOST /api/auth/sign-up [31m500[0m 165.130 ms - 111[0m
2022-08-29 16:31:37 info: =================================
2022-08-29 16:31:37 info: ======= ENV: development =======
2022-08-29 16:31:37 info: 🚀 App listening on the port 3000
2022-08-29 16:31:37 info: =================================
2022-08-29 16:31:52 error: [POST] /api/auth/sign-up >> StatusCode:: 500, Message:: unknown relation "permissionGroups" in a relation expression
2022-08-29 16:31:52 info: [0mPOST /api/auth/sign-up [31m500[0m 155.653 ms - 76[0m
2022-08-29 16:32:38 info: =================================
2022-08-29 16:32:38 info: ======= ENV: development =======
2022-08-29 16:32:38 info: 🚀 App listening on the port 3000
2022-08-29 16:32:38 info: =================================
2022-08-29 16:32:41 error: [POST] /api/auth/sign-up >> StatusCode:: 500, Message:: Role.relationMappings.permissionGroups: join: either `from` or `to` must point to the owner model table and the other one to the related table. It might be that specified table 'permission_group' is not correct
2022-08-29 16:32:41 info: [0mPOST /api/auth/sign-up [31m500[0m 162.311 ms - 224[0m
2022-08-29 16:33:33 info: =================================
2022-08-29 16:33:33 info: ======= ENV: development =======
2022-08-29 16:33:33 info: 🚀 App listening on the port 3000
2022-08-29 16:33:33 info: =================================
2022-08-29 16:33:37 error: [POST] /api/auth/sign-up >> StatusCode:: 500, Message:: Role.relationMappings.permissionGroups: join: either `from` or `to` must point to the owner model table and the other one to the related table. It might be that specified table 'permission_groups' is not correct
2022-08-29 16:33:37 info: [0mPOST /api/auth/sign-up [31m500[0m 158.921 ms - 225[0m
2022-08-29 16:38:38 info: =================================
2022-08-29 16:38:38 info: ======= ENV: development =======
2022-08-29 16:38:38 info: 🚀 App listening on the port 3000
2022-08-29 16:38:38 info: =================================
2022-08-29 16:39:05 info: =================================
2022-08-29 16:39:05 info: ======= ENV: development =======
2022-08-29 16:39:05 info: 🚀 App listening on the port 3000
2022-08-29 16:39:05 info: =================================
2022-08-29 16:39:12 error: [POST] /api/auth/sign-up >> StatusCode:: 500, Message:: select `roles`.`id` as `id`, `roles`.`uuid` as `uuid`, `roles`.`tag` as `tag`, `roles`.`label` as `label`, `roles`.`description` as `description`, `roles`.`protected` as `protected`, `roles`.`createdAt` as `createdAt`, `roles`.`updatedAt` as `updatedAt`, `roles`.`deletedAt` as `deletedAt`, `permissions`.`id` as `permissions:id`, `permissions`.`uuid` as `permissions:uuid`, `permissions`.`tag` as `permissions:tag`, `permissions`.`label` as `permissions:label`, `permissions`.`description` as `permissions:description`, `permissions`.`protected` as `permissions:protected`, `permissions`.`createdAt` as `permissions:createdAt`, `permissions`.`updatedAt` as `permissions:updatedAt`, `permissions`.`deletedAt` as `permissions:deletedAt` from `roles` left join `role_permissions` as `permissions_join` on `permissions_join`.`roleId` = `roles`.`id` left join `permissions` on `permissions_join`.`permissionId` = `permissions`.`id` where `tag` = 'USER' - ER_NON_UNIQ_ERROR: Column 'tag' in where clause is ambiguous
2022-08-29 16:39:12 info: [0mPOST /api/auth/sign-up [31m500[0m 216.052 ms - -[0m
2022-08-29 16:39:41 info: =================================
2022-08-29 16:39:41 info: ======= ENV: development =======
2022-08-29 16:39:41 info: 🚀 App listening on the port 3000
2022-08-29 16:39:41 info: =================================
2022-08-29 16:39:49 error: [POST] /api/auth/sign-up >> StatusCode:: 404, Message:: Model not found
2022-08-29 16:39:49 info: [0mPOST /api/auth/sign-up [33m404[0m 177.829 ms - 29[0m
2022-08-29 16:41:05 info: =================================
2022-08-29 16:41:05 info: ======= ENV: development =======
2022-08-29 16:41:05 info: 🚀 App listening on the port 3000
2022-08-29 16:41:05 info: =================================
2022-08-29 16:41:51 info: =================================
2022-08-29 16:41:51 info: ======= ENV: development =======
2022-08-29 16:41:51 info: 🚀 App listening on the port 3000
2022-08-29 16:41:51 info: =================================
2022-08-29 16:42:01 info: =================================
2022-08-29 16:42:01 info: ======= ENV: development =======
2022-08-29 16:42:01 info: 🚀 App listening on the port 3000
2022-08-29 16:42:01 info: =================================
2022-08-29 16:42:19 info: =================================
2022-08-29 16:42:19 info: ======= ENV: development =======
2022-08-29 16:42:19 info: 🚀 App listening on the port 3000
2022-08-29 16:42:19 info: =================================
2022-08-29 16:42:31 info: =================================
2022-08-29 16:42:31 info: ======= ENV: development =======
2022-08-29 16:42:31 info: 🚀 App listening on the port 3000
2022-08-29 16:42:31 info: =================================
2022-08-29 16:42:52 info: [0mPOST /api/auth/sign-up [32m200[0m 369.430 ms - 263[0m
2022-08-29 17:03:47 info: =================================
2022-08-29 17:03:47 info: ======= ENV: development =======
2022-08-29 17:03:47 info: 🚀 App listening on the port 3000
2022-08-29 17:03:47 info: =================================
2022-08-29 17:04:38 info: =================================
2022-08-29 17:04:38 info: ======= ENV: development =======
2022-08-29 17:04:38 info: 🚀 App listening on the port 3000
2022-08-29 17:04:38 info: =================================
2022-08-29 17:04:59 info: =================================
2022-08-29 17:04:59 info: ======= ENV: development =======
2022-08-29 17:04:59 info: 🚀 App listening on the port 3000
2022-08-29 17:04:59 info: =================================
